2015/04/28 18:29:22 にビルドを開始しました。
     1>ノード 2 上のプロジェクト "C:\GitHub\MasterPlayer\MasterPlayer.vcxproj" (Build ターゲット)。
     1>CustomBuild:
         Moc'ing audio3d.h...
         Qt: Untested Windows version 10.0 detected!
         Moc'ing instrumental.h...
         Qt: Untested Windows version 10.0 detected!
         Moc'ing metadata.h...
         Qt: Untested Windows version 10.0 detected!
         Moc'ing musicdata.h...
         Qt: Untested Windows version 10.0 detected!
         Moc'ing musicdatas.h...
         Qt: Untested Windows version 10.0 detected!
         Moc'ing partdata.h...
         Qt: Untested Windows version 10.0 detected!
         Moc'ing skindata.h...
         Qt: Untested Windows version 10.0 detected!
         Moc'ing speaker.h...
         Qt: Untested Windows version 10.0 detected!
         Moc'ing viewer.h...
         Qt: Untested Windows version 10.0 detected!
         Rcc'ing qml.qrc...
         Qt: Untested Windows version 10.0 detected!
       ClCompile:
         C:\Program Files (x86)\Microsoft Visual Studio 12.0\VC\bin\CL.exe /c /I. /Iopenal\include /Itaglib /I..\..\qt\5.4\msvc2013\include /I..\..\qt\5.4\msvc2013\include\QtQuick /I..\..\qt\5.4\msvc2013\include\QtWidgets /I..\..\qt\5.4\msvc2013\include\QtMultimedia /I..\..\qt\5.4\msvc2013\include\QtGui /I..\..\qt\5.4\msvc2013\include\QtANGLE /I..\..\qt\5.4\msvc2013\include\QtQml /I..\..\qt\5.4\msvc2013\include\QtNetwork /I..\..\qt\5.4\msvc2013\include\QtConcurrent /I..\..\qt\5.4\msvc2013\include\QtCore /Idebug /I"..\..\qt\5.4\msvc2013\mkspecs\win32-msvc2013" /Zi /nologo /W3 /WX- /Od /Oy- /D _WINDOWS /D UNICODE /D WIN32 /D QT_QUICK_LIB /D QT_WIDGETS_LIB /D QT_MULTIMEDIA_LIB /D QT_GUI_LIB /D QT_QML_LIB /D QT_NETWORK_LIB /D QT_CONCURRENT_LIB /D QT_CORE_LIB /Gm- /EHsc /MDd /GS /fp:precise /Zc:wchar_t /Zc:forScope /GR /Fo"Win32\Debug\\" /Fd"Win32\Debug\vc120.pdb" /Gd /TP /analyze- /errorReport:prompt -Zm200 -std=gnu++0x -w34100 -w34189 audio3d.cpp Debug\moc_audio3d.cpp Debug\moc_instrumental.cpp Debug\moc_metadata.cpp Debug\moc_musicdata.cpp Debug\moc_musicdatas.cpp Debug\moc_partdata.cpp Debug\moc_skindata.cpp Debug\moc_speaker.cpp Debug\moc_viewer.cpp instrumental.cpp main.cpp metadata.cpp musicdata.cpp musicdatas.cpp partdata.cpp skindata.cpp speaker.cpp viewer.cpp
     1>cl : コマンド ライン warning D9002: 不明なオプション '-std=gnu++0x' を無視します
         audio3d.cpp
         moc_audio3d.cpp
         moc_instrumental.cpp
         moc_metadata.cpp
         moc_musicdata.cpp
         moc_musicdatas.cpp
         moc_partdata.cpp
         moc_skindata.cpp
         moc_speaker.cpp
         moc_viewer.cpp
         instrumental.cpp
     1>instrumental.cpp(8): warning C4100: 'path' : 引数は関数の本体部で 1 度も参照されません。
     1>instrumental.cpp(17): warning C4100: 'inst' : 引数は関数の本体部で 1 度も参照されません。
     1>instrumental.cpp(26): warning C4100: 'gain' : 引数は関数の本体部で 1 度も参照されません。
     1>instrumental.cpp(35): warning C4100: 'x' : 引数は関数の本体部で 1 度も参照されません。
     1>instrumental.cpp(44): warning C4100: 'y' : 引数は関数の本体部で 1 度も参照されません。
     1>instrumental.cpp(53): warning C4100: 'z' : 引数は関数の本体部で 1 度も参照されません。
     1>instrumental.cpp(62): warning C4100: 'ismute' : 引数は関数の本体部で 1 度も参照されません。
         main.cpp
         metadata.cpp
         musicdata.cpp
     1>musicdata.cpp(60): error C3861: 'setMetaData': 識別子が見つかりませんでした
         musicdatas.cpp
         partdata.cpp
         skindata.cpp
     1>skindata.cpp(8): warning C4100: 'path' : 引数は関数の本体部で 1 度も参照されません。
         speaker.cpp
     1>speaker.cpp(15): warning C4100: 'obj' : 引数は関数の本体部で 1 度も参照されません。
     1>speaker.cpp(44): warning C4100: 'ready' : 引数は関数の本体部で 1 度も参照されません。
     1>speaker.cpp(61): warning C4100: 'state' : 引数は関数の本体部で 1 度も参照されません。
     1>speaker.cpp(133): warning C4100: 'duration' : 引数は関数の本体部で 1 度も参照されません。
     1>speaker.cpp(140): warning C4100: 'position' : 引数は関数の本体部で 1 度も参照されません。
     1>speaker.cpp(173): warning C4100: 'isfinishied' : 引数は関数の本体部で 1 度も参照されません。
         viewer.cpp
         コードを生成中...
     1>プロジェクト "C:\GitHub\MasterPlayer\MasterPlayer.vcxproj" (Build ターゲット) のビルドが終了しました -- 失敗。

ビルドに失敗しました。

経過時間 00:00:24.52
